<?xml version="1.0" encoding="UTF-8"?>
<testsuite name="com.project.web_prj.reply.repository.ReplyMapperTest" tests="1" skipped="0" failures="0" errors="0" timestamp="2022-07-28T01:04:57" hostname="DESKTOP-5JE210C" time="0.486">
  <properties/>
  <testcase name="특정 게시물의 댓글목록을 조회해야 한다." classname="com.project.web_prj.reply.repository.ReplyMapperTest" time="0.486"/>
  <system-out><![CDATA[10:04:53.915 [Test worker] DEBUG org.springframework.test.context.BootstrapUtils - Instantiating CacheAwareContextLoaderDelegate from class [org.springframework.test.context.cache.DefaultCacheAwareContextLoaderDelegate]
10:04:53.926 [Test worker] DEBUG org.springframework.test.context.BootstrapUtils - Instantiating BootstrapContext using constructor [public org.springframework.test.context.support.DefaultBootstrapContext(java.lang.Class,org.springframework.test.context.CacheAwareContextLoaderDelegate)]
10:04:53.963 [Test worker] DEBUG org.springframework.test.context.BootstrapUtils - Instantiating TestContextBootstrapper for test class [com.project.web_prj.reply.repository.ReplyMapperTest] from class [org.springframework.boot.test.context.SpringBootTestContextBootstrapper]
10:04:53.973 [Test worker] INFO org.springframework.boot.test.context.SpringBootTestContextBootstrapper - Neither @ContextConfiguration nor @ContextHierarchy found for test class [com.project.web_prj.reply.repository.ReplyMapperTest], using SpringBootContextLoader
10:04:53.977 [Test worker] DEBUG org.springframework.test.context.support.AbstractContextLoader - Did not detect default resource location for test class [com.project.web_prj.reply.repository.ReplyMapperTest]: class path resource [com/project/web_prj/reply/repository/ReplyMapperTest-context.xml] does not exist
10:04:53.977 [Test worker] DEBUG org.springframework.test.context.support.AbstractContextLoader - Did not detect default resource location for test class [com.project.web_prj.reply.repository.ReplyMapperTest]: class path resource [com/project/web_prj/reply/repository/ReplyMapperTestContext.groovy] does not exist
10:04:53.978 [Test worker] INFO org.springframework.test.context.support.AbstractContextLoader - Could not detect default resource locations for test class [com.project.web_prj.reply.repository.ReplyMapperTest]: no resource found for suffixes {-context.xml, Context.groovy}.
10:04:53.979 [Test worker] INFO org.springframework.test.context.support.AnnotationConfigContextLoaderUtils - Could not detect default configuration classes for test class [com.project.web_prj.reply.repository.ReplyMapperTest]: ReplyMapperTest does not declare any static, non-private, non-final, nested classes annotated with @Configuration.
10:04:54.016 [Test worker] DEBUG org.springframework.test.context.support.ActiveProfilesUtils - Could not find an 'annotation declaring class' for annotation type [org.springframework.test.context.ActiveProfiles] and class [com.project.web_prj.reply.repository.ReplyMapperTest]
10:04:54.075 [Test worker] DEBUG org.springframework.context.annotation.ClassPathScanningCandidateComponentProvider - Identified candidate component class: file [C:\YEOWOON\web_prj\build\classes\java\main\com\project\web_prj\WebPrjApplication.class]
10:04:54.076 [Test worker] INFO org.springframework.boot.test.context.SpringBootTestContextBootstrapper - Found @SpringBootConfiguration com.project.web_prj.WebPrjApplication for test class com.project.web_prj.reply.repository.ReplyMapperTest
10:04:54.164 [Test worker] DEBUG org.springframework.boot.test.context.SpringBootTestContextBootstrapper - @TestExecutionListeners is not present for class [com.project.web_prj.reply.repository.ReplyMapperTest]: using defaults.
10:04:54.165 [Test worker] INFO org.springframework.boot.test.context.SpringBootTestContextBootstrapper - Loaded default TestExecutionListener class names from location [META-INF/spring.factories]: [org.springframework.boot.test.autoconfigure.restdocs.RestDocsTestExecutionListener, org.springframework.boot.test.autoconfigure.web.client.MockRestServiceServerResetTestExecutionListener, org.springframework.boot.test.autoconfigure.web.servlet.MockMvcPrintOnlyOnFailureTestExecutionListener, org.springframework.boot.test.autoconfigure.web.servlet.WebDriverTestExecutionListener, org.springframework.boot.test.autoconfigure.webservices.client.MockWebServiceServerTestExecutionListener, org.springframework.boot.test.mock.mockito.MockitoTestExecutionListener, org.springframework.boot.test.mock.mockito.ResetMocksTestExecutionListener, org.springframework.test.context.web.ServletTestExecutionListener, org.springframework.test.context.support.DirtiesContextBeforeModesTestExecutionListener, org.springframework.test.context.event.ApplicationEventsTestExecutionListener, org.springframework.test.context.support.DependencyInjectionTestExecutionListener, org.springframework.test.context.support.DirtiesContextTestExecutionListener, org.springframework.test.context.transaction.TransactionalTestExecutionListener, org.springframework.test.context.jdbc.SqlScriptsTestExecutionListener, org.springframework.test.context.event.EventPublishingTestExecutionListener]
10:04:54.179 [Test worker] INFO org.springframework.boot.test.context.SpringBootTestContextBootstrapper - Using TestExecutionListeners: [org.springframework.test.context.web.ServletTestExecutionListener@28a2a3e7, org.springframework.test.context.support.DirtiesContextBeforeModesTestExecutionListener@3f2049b6, org.springframework.test.context.event.ApplicationEventsTestExecutionListener@10b3df93, org.springframework.boot.test.mock.mockito.MockitoTestExecutionListener@ea27e34, org.springframework.boot.test.autoconfigure.SpringBootDependencyInjectionTestExecutionListener@33a2499c, org.springframework.test.context.support.DirtiesContextTestExecutionListener@e72dba7, org.springframework.test.context.transaction.TransactionalTestExecutionListener@33c2bd, org.springframework.test.context.jdbc.SqlScriptsTestExecutionListener@1dfd5f51, org.springframework.test.context.event.EventPublishingTestExecutionListener@3c321bdb, org.springframework.boot.test.autoconfigure.restdocs.RestDocsTestExecutionListener@24855019, org.springframework.boot.test.autoconfigure.web.client.MockRestServiceServerResetTestExecutionListener@3abd581e, org.springframework.boot.test.autoconfigure.web.servlet.MockMvcPrintOnlyOnFailureTestExecutionListener@4d4d8fcf, org.springframework.boot.test.autoconfigure.web.servlet.WebDriverTestExecutionListener@610db97e, org.springframework.boot.test.autoconfigure.webservices.client.MockWebServiceServerTestExecutionListener@6f0628de, org.springframework.boot.test.mock.mockito.ResetMocksTestExecutionListener@3fabf088]
10:04:54.183 [Test worker] DEBUG org.springframework.test.context.support.AbstractDirtiesContextTestExecutionListener - Before test class: context [DefaultTestContext@6ca320ab testClass = ReplyMapperTest, testInstance = [null], testMethod = [null], testException = [null], mergedContextConfiguration = [WebMergedContextConfiguration@50d68830 testClass = ReplyMapperTest, locations = '{}', classes = '{class com.project.web_prj.WebPrjApplication}', contextInitializerClasses = '[]', activeProfiles = '{}', propertySourceLocations = '{}', propertySourceProperties = '{org.springframework.boot.test.context.SpringBootTestContextBootstrapper=true}', contextCustomizers = set[org.springframework.boot.test.autoconfigure.actuate.metrics.MetricsExportContextCustomizerFactory$DisableMetricExportContextCustomizer@10993713, org.springframework.boot.test.autoconfigure.properties.PropertyMappingContextCustomizer@0, org.springframework.boot.test.autoconfigure.web.servlet.WebDriverContextCustomizerFactory$Customizer@5974109, org.springframework.boot.test.context.filter.ExcludeFilterContextCustomizer@75c9e76b, org.springframework.boot.test.json.DuplicateJsonObjectContextCustomizerFactory$DuplicateJsonObjectContextCustomizer@37b70343, org.springframework.boot.test.mock.mockito.MockitoContextCustomizer@0, org.springframework.boot.test.web.client.TestRestTemplateContextCustomizer@61884cb1, org.springframework.boot.test.context.SpringBootTestArgs@1, org.springframework.boot.test.context.SpringBootTestWebEnvironment@1f760b47], resourceBasePath = 'src/main/webapp', contextLoader = 'org.springframework.boot.test.context.SpringBootContextLoader', parent = [null]], attributes = map['org.springframework.test.context.web.ServletTestExecutionListener.activateListener' -> true]], class annotated with @DirtiesContext [false] with mode [null].

  .   ____          _            __ _ _
 /\\ / ___'_ __ _ _(_)_ __  __ _ \ \ \ \
( ( )\___ | '_ | '_| | '_ \/ _` | \ \ \ \
 \\/  ___)| |_)| | | | | || (_| |  ) ) ) )
  '  |____| .__|_| |_|_| |_\__, | / / / /
 =========|_|==============|___/=/_/_/_/
 :: Spring Boot ::                (v2.7.1)

2022-07-28 10:04:54.483  INFO 10536 --- [    Test worker] c.p.w.reply.repository.ReplyMapperTest   : Starting ReplyMapperTest using Java 11.0.15 on DESKTOP-5JE210C with PID 10536 (started by com in C:\YEOWOON\web_prj)
2022-07-28 10:04:54.485  INFO 10536 --- [    Test worker] c.p.w.reply.repository.ReplyMapperTest   : No active profile set, falling back to 1 default profile: "default"
2022-07-28 10:04:55.099  INFO 10536 --- [    Test worker] .s.d.r.c.RepositoryConfigurationDelegate : Bootstrapping Spring Data JDBC repositories in DEFAULT mode.
2022-07-28 10:04:55.115  INFO 10536 --- [    Test worker] .s.d.r.c.RepositoryConfigurationDelegate : Finished Spring Data repository scanning in 12 ms. Found 0 JDBC repository interfaces.
2022-07-28 10:04:55.556  INFO 10536 --- [    Test worker] com.zaxxer.hikari.HikariDataSource       : HikariPool-1 - Starting...
2022-07-28 10:04:55.564  WARN 10536 --- [    Test worker] com.zaxxer.hikari.util.DriverDataSource  : Registered driver with driverClassName=oracle.jdbc.driver.OracleDriver was not found, trying direct instantiation.
2022-07-28 10:04:55.759  INFO 10536 --- [    Test worker] com.zaxxer.hikari.pool.PoolBase          : HikariPool-1 - Driver does not support get/set network timeout for connections. (Receiver class oracle.jdbc.driver.T4CConnection does not define or inherit an implementation of the resolved method abstract getNetworkTimeout()I of interface java.sql.Connection.)
2022-07-28 10:04:55.764  INFO 10536 --- [    Test worker] com.zaxxer.hikari.HikariDataSource       : HikariPool-1 - Start completed.
2022-07-28 10:04:56.543  INFO 10536 --- [    Test worker] o.s.b.a.w.s.WelcomePageHandlerMapping    : Adding welcome page template: index
2022-07-28 10:04:56.993  INFO 10536 --- [    Test worker] c.p.w.reply.repository.ReplyMapperTest   : Started ReplyMapperTest in 2.778 seconds (JVM running for 3.95)
Reply(replyNo=268, replyText=댓글268, replyWriter=메롱이268, replyDate=Thu Jul 28 09:54:37 KST 2022, boardNo=1)
Reply(replyNo=364, replyText=댓글364, replyWriter=메롱이364, replyDate=Thu Jul 28 09:54:37 KST 2022, boardNo=1)
Reply(replyNo=381, replyText=댓글381, replyWriter=메롱이381, replyDate=Thu Jul 28 09:54:37 KST 2022, boardNo=1)
Reply(replyNo=552, replyText=댓글552, replyWriter=메롱이552, replyDate=Thu Jul 28 09:54:37 KST 2022, boardNo=1)
]]></system-out>
  <system-err><![CDATA[]]></system-err>
</testsuite>
