<?xml version="1.0" encoding="UTF-8"?>
<testsuite name="com.project.web_prj.common.paging.PageMakerTest" tests="1" skipped="0" failures="0" errors="0" timestamp="2022-07-19T07:32:53" hostname="DESKTOP-5JE210C" time="0.439">
  <properties/>
  <testcase name="pageInfoTest()" classname="com.project.web_prj.common.paging.PageMakerTest" time="0.439"/>
  <system-out><![CDATA[16:32:50.289 [Test worker] DEBUG org.springframework.test.context.BootstrapUtils - Instantiating CacheAwareContextLoaderDelegate from class [org.springframework.test.context.cache.DefaultCacheAwareContextLoaderDelegate]
16:32:50.299 [Test worker] DEBUG org.springframework.test.context.BootstrapUtils - Instantiating BootstrapContext using constructor [public org.springframework.test.context.support.DefaultBootstrapContext(java.lang.Class,org.springframework.test.context.CacheAwareContextLoaderDelegate)]
16:32:50.335 [Test worker] DEBUG org.springframework.test.context.BootstrapUtils - Instantiating TestContextBootstrapper for test class [com.project.web_prj.common.paging.PageMakerTest] from class [org.springframework.boot.test.context.SpringBootTestContextBootstrapper]
16:32:50.346 [Test worker] INFO org.springframework.boot.test.context.SpringBootTestContextBootstrapper - Neither @ContextConfiguration nor @ContextHierarchy found for test class [com.project.web_prj.common.paging.PageMakerTest], using SpringBootContextLoader
16:32:50.350 [Test worker] DEBUG org.springframework.test.context.support.AbstractContextLoader - Did not detect default resource location for test class [com.project.web_prj.common.paging.PageMakerTest]: class path resource [com/project/web_prj/common/paging/PageMakerTest-context.xml] does not exist
16:32:50.350 [Test worker] DEBUG org.springframework.test.context.support.AbstractContextLoader - Did not detect default resource location for test class [com.project.web_prj.common.paging.PageMakerTest]: class path resource [com/project/web_prj/common/paging/PageMakerTestContext.groovy] does not exist
16:32:50.350 [Test worker] INFO org.springframework.test.context.support.AbstractContextLoader - Could not detect default resource locations for test class [com.project.web_prj.common.paging.PageMakerTest]: no resource found for suffixes {-context.xml, Context.groovy}.
16:32:50.351 [Test worker] INFO org.springframework.test.context.support.AnnotationConfigContextLoaderUtils - Could not detect default configuration classes for test class [com.project.web_prj.common.paging.PageMakerTest]: PageMakerTest does not declare any static, non-private, non-final, nested classes annotated with @Configuration.
16:32:50.391 [Test worker] DEBUG org.springframework.test.context.support.ActiveProfilesUtils - Could not find an 'annotation declaring class' for annotation type [org.springframework.test.context.ActiveProfiles] and class [com.project.web_prj.common.paging.PageMakerTest]
16:32:50.446 [Test worker] DEBUG org.springframework.context.annotation.ClassPathScanningCandidateComponentProvider - Identified candidate component class: file [C:\YEOWOON\web_prj\build\classes\java\main\com\project\web_prj\WebPrjApplication.class]
16:32:50.447 [Test worker] INFO org.springframework.boot.test.context.SpringBootTestContextBootstrapper - Found @SpringBootConfiguration com.project.web_prj.WebPrjApplication for test class com.project.web_prj.common.paging.PageMakerTest
16:32:50.538 [Test worker] DEBUG org.springframework.boot.test.context.SpringBootTestContextBootstrapper - @TestExecutionListeners is not present for class [com.project.web_prj.common.paging.PageMakerTest]: using defaults.
16:32:50.539 [Test worker] INFO org.springframework.boot.test.context.SpringBootTestContextBootstrapper - Loaded default TestExecutionListener class names from location [META-INF/spring.factories]: [org.springframework.boot.test.autoconfigure.restdocs.RestDocsTestExecutionListener, org.springframework.boot.test.autoconfigure.web.client.MockRestServiceServerResetTestExecutionListener, org.springframework.boot.test.autoconfigure.web.servlet.MockMvcPrintOnlyOnFailureTestExecutionListener, org.springframework.boot.test.autoconfigure.web.servlet.WebDriverTestExecutionListener, org.springframework.boot.test.autoconfigure.webservices.client.MockWebServiceServerTestExecutionListener, org.springframework.boot.test.mock.mockito.MockitoTestExecutionListener, org.springframework.boot.test.mock.mockito.ResetMocksTestExecutionListener, org.springframework.test.context.web.ServletTestExecutionListener, org.springframework.test.context.support.DirtiesContextBeforeModesTestExecutionListener, org.springframework.test.context.event.ApplicationEventsTestExecutionListener, org.springframework.test.context.support.DependencyInjectionTestExecutionListener, org.springframework.test.context.support.DirtiesContextTestExecutionListener, org.springframework.test.context.transaction.TransactionalTestExecutionListener, org.springframework.test.context.jdbc.SqlScriptsTestExecutionListener, org.springframework.test.context.event.EventPublishingTestExecutionListener]
16:32:50.554 [Test worker] INFO org.springframework.boot.test.context.SpringBootTestContextBootstrapper - Using TestExecutionListeners: [org.springframework.test.context.web.ServletTestExecutionListener@1edb61b1, org.springframework.test.context.support.DirtiesContextBeforeModesTestExecutionListener@ec2bf82, org.springframework.test.context.event.ApplicationEventsTestExecutionListener@cc62a3b, org.springframework.boot.test.mock.mockito.MockitoTestExecutionListener@6cc0bcf6, org.springframework.boot.test.autoconfigure.SpringBootDependencyInjectionTestExecutionListener@29539e36, org.springframework.test.context.support.DirtiesContextTestExecutionListener@32f61a31, org.springframework.test.context.transaction.TransactionalTestExecutionListener@f5c79a6, org.springframework.test.context.jdbc.SqlScriptsTestExecutionListener@669253b7, org.springframework.test.context.event.EventPublishingTestExecutionListener@5305c37d, org.springframework.boot.test.autoconfigure.restdocs.RestDocsTestExecutionListener@51a06cbe, org.springframework.boot.test.autoconfigure.web.client.MockRestServiceServerResetTestExecutionListener@3dddbe65, org.springframework.boot.test.autoconfigure.web.servlet.MockMvcPrintOnlyOnFailureTestExecutionListener@49a64d82, org.springframework.boot.test.autoconfigure.web.servlet.WebDriverTestExecutionListener@344561e0, org.springframework.boot.test.autoconfigure.webservices.client.MockWebServiceServerTestExecutionListener@66d23e4a, org.springframework.boot.test.mock.mockito.ResetMocksTestExecutionListener@36ac8a63]
16:32:50.563 [Test worker] DEBUG org.springframework.test.context.support.AbstractDirtiesContextTestExecutionListener - Before test class: context [DefaultTestContext@22db8f4 testClass = PageMakerTest, testInstance = [null], testMethod = [null], testException = [null], mergedContextConfiguration = [WebMergedContextConfiguration@2b46a8c1 testClass = PageMakerTest, locations = '{}', classes = '{class com.project.web_prj.WebPrjApplication}', contextInitializerClasses = '[]', activeProfiles = '{}', propertySourceLocations = '{}', propertySourceProperties = '{org.springframework.boot.test.context.SpringBootTestContextBootstrapper=true}', contextCustomizers = set[org.springframework.boot.test.autoconfigure.actuate.metrics.MetricsExportContextCustomizerFactory$DisableMetricExportContextCustomizer@5a7005d, org.springframework.boot.test.autoconfigure.properties.PropertyMappingContextCustomizer@0, org.springframework.boot.test.autoconfigure.web.servlet.WebDriverContextCustomizerFactory$Customizer@72758afa, org.springframework.boot.test.context.filter.ExcludeFilterContextCustomizer@607fbe09, org.springframework.boot.test.json.DuplicateJsonObjectContextCustomizerFactory$DuplicateJsonObjectContextCustomizer@3382f8ae, org.springframework.boot.test.mock.mockito.MockitoContextCustomizer@0, org.springframework.boot.test.web.client.TestRestTemplateContextCustomizer@34997338, org.springframework.boot.test.context.SpringBootTestArgs@1, org.springframework.boot.test.context.SpringBootTestWebEnvironment@4ef74c30], resourceBasePath = 'src/main/webapp', contextLoader = 'org.springframework.boot.test.context.SpringBootContextLoader', parent = [null]], attributes = map['org.springframework.test.context.web.ServletTestExecutionListener.activateListener' -> true]], class annotated with @DirtiesContext [false] with mode [null].

  .   ____          _            __ _ _
 /\\ / ___'_ __ _ _(_)_ __  __ _ \ \ \ \
( ( )\___ | '_ | '_| | '_ \/ _` | \ \ \ \
 \\/  ___)| |_)| | | | | || (_| |  ) ) ) )
  '  |____| .__|_| |_|_| |_\__, | / / / /
 =========|_|==============|___/=/_/_/_/
 :: Spring Boot ::                (v2.7.1)

2022-07-19 16:32:50.868  INFO 12352 --- [    Test worker] c.p.web_prj.common.paging.PageMakerTest  : Starting PageMakerTest using Java 11.0.15 on DESKTOP-5JE210C with PID 12352 (started by com in C:\YEOWOON\web_prj)
2022-07-19 16:32:50.869  INFO 12352 --- [    Test worker] c.p.web_prj.common.paging.PageMakerTest  : No active profile set, falling back to 1 default profile: "default"
2022-07-19 16:32:51.433  INFO 12352 --- [    Test worker] .s.d.r.c.RepositoryConfigurationDelegate : Bootstrapping Spring Data JDBC repositories in DEFAULT mode.
2022-07-19 16:32:51.446  INFO 12352 --- [    Test worker] .s.d.r.c.RepositoryConfigurationDelegate : Finished Spring Data repository scanning in 9 ms. Found 0 JDBC repository interfaces.
2022-07-19 16:32:51.870  INFO 12352 --- [    Test worker] com.zaxxer.hikari.HikariDataSource       : HikariPool-1 - Starting...
2022-07-19 16:32:51.878  WARN 12352 --- [    Test worker] com.zaxxer.hikari.util.DriverDataSource  : Registered driver with driverClassName=oracle.jdbc.driver.OracleDriver was not found, trying direct instantiation.
2022-07-19 16:32:52.074  INFO 12352 --- [    Test worker] com.zaxxer.hikari.pool.PoolBase          : HikariPool-1 - Driver does not support get/set network timeout for connections. (Receiver class oracle.jdbc.driver.T4CConnection does not define or inherit an implementation of the resolved method abstract getNetworkTimeout()I of interface java.sql.Connection.)
2022-07-19 16:32:52.078  INFO 12352 --- [    Test worker] com.zaxxer.hikari.HikariDataSource       : HikariPool-1 - Start completed.
2022-07-19 16:32:52.754  INFO 12352 --- [    Test worker] o.s.b.a.w.s.WelcomePageHandlerMapping    : Adding welcome page template: index
2022-07-19 16:32:53.205  INFO 12352 --- [    Test worker] c.p.web_prj.common.paging.PageMakerTest  : Started PageMakerTest in 2.606 seconds (JVM running for 3.713)
PageMaker(beginPage=1, endPage=10, prev=false, next=true, page=Page(pageNum=7, amount=10), totalCount=306)
]]></system-out>
  <system-err><![CDATA[]]></system-err>
</testsuite>
